0 info it worked if it ends with ok
1 verbose cli [ 'node', '/usr/local/bin/npm', 'install', 'require-children' ]
2 info using npm@1.3.23
3 info using node@v0.10.24
4 warn package.json requireChildren@0.0.1 No repository field.
5 verbose readDependencies using package.json deps
6 verbose cache add [ 'require-children', null ]
7 verbose cache add name=undefined spec="require-children" args=["require-children",null]
8 verbose parsed url { protocol: null,
8 verbose parsed url   slashes: null,
8 verbose parsed url   auth: null,
8 verbose parsed url   host: null,
8 verbose parsed url   port: null,
8 verbose parsed url   hostname: null,
8 verbose parsed url   hash: null,
8 verbose parsed url   search: null,
8 verbose parsed url   query: null,
8 verbose parsed url   pathname: 'require-children',
8 verbose parsed url   path: 'require-children',
8 verbose parsed url   href: 'require-children' }
9 silly lockFile 8995ae63-require-children require-children
10 verbose lock require-children /Users/dscanlon/.npm/8995ae63-require-children.lock
11 silly lockFile 8995ae63-require-children require-children
12 silly lockFile 8995ae63-require-children require-children
13 verbose addNamed [ 'require-children', '' ]
14 verbose addNamed [ null, '*' ]
15 silly lockFile 8cec0eda-require-children require-children@
16 verbose lock require-children@ /Users/dscanlon/.npm/8cec0eda-require-children.lock
17 silly addNameRange { name: 'require-children', range: '*', hasData: false }
18 verbose url raw require-children
19 verbose url resolving [ 'https://registry.npmjs.org/', './require-children' ]
20 verbose url resolved https://registry.npmjs.org/require-children
21 info trying registry request attempt 1 at 14:44:56
22 http GET https://registry.npmjs.org/require-children
23 http 404 https://registry.npmjs.org/require-children
24 silly registry.get cb [ 404,
24 silly registry.get   { date: 'Mon, 10 Mar 2014 18:44:55 GMT',
24 silly registry.get     server: 'CouchDB/1.5.0 (Erlang OTP/R16B)',
24 silly registry.get     'content-type': 'application/json',
24 silly registry.get     via: '1.1 varnish',
24 silly registry.get     'cache-control': 'max-age=0',
24 silly registry.get     'content-length': '52',
24 silly registry.get     'accept-ranges': 'bytes',
24 silly registry.get     age: '0',
24 silly registry.get     'x-served-by': 'cache-v41-ASH, cache-jfk1035-JFK',
24 silly registry.get     'x-cache': 'MISS, MISS',
24 silly registry.get     'x-cache-hits': '0, 0',
24 silly registry.get     'x-timer': 'S1394477095.830693245,VS0,VS-273,VE-251,VE30',
24 silly registry.get     'keep-alive': 'timeout=10, max=50',
24 silly registry.get     connection: 'Keep-Alive' } ]
25 silly lockFile 8cec0eda-require-children require-children@
26 silly lockFile 8cec0eda-require-children require-children@
27 error 404 'require-children' is not in the npm registry.
27 error 404 You should bug the author to publish it
27 error 404 It was specified as a dependency of 'requireChildren'
27 error 404
27 error 404 Note that you can also install from a
27 error 404 tarball, folder, or http url, or git url.
28 error System Darwin 13.1.0
29 error command "node" "/usr/local/bin/npm" "install" "require-children"
30 error cwd /Users/dscanlon/Dropbox/Present/dev/requireChildren
31 error node -v v0.10.24
32 error npm -v 1.3.23
33 error code E404
34 verbose exit [ 1, true ]
